Starting net.fabricmc.loader.impl.game.minecraft.BundlerClassPathCapture
[15:38:01] [main/INFO]: Loading Minecraft 1.20.1 with Fabric Loader 0.16.10
[15:38:01] [main/WARN]: Warnings were found!
 - Mod 'TAB' (tab) 4.1.2 recommends any version of fabric-permissions-api-v0, which is missing!
	 - You should install any version of fabric-permissions-api-v0 for the optimal experience.
[15:38:01] [main/INFO]: Loading 54 mods:
	- fabric-api 0.92.6+1.20.1
	   |-- fabric-api-base 0.4.32+1802ada577
	   |-- fabric-api-lookup-api-v1 1.6.37+1802ada577
	   |-- fabric-biome-api-v1 13.0.14+1802ada577
	   |-- fabric-block-api-v1 1.0.12+1802ada577
	   |-- fabric-block-view-api-v2 1.0.3+924f046a77
	   |-- fabric-blockrenderlayer-v1 1.1.42+1802ada577
	   |-- fabric-client-tags-api-v1 1.1.3+1802ada577
	   |-- fabric-command-api-v1 1.2.35+f71b366f77
	   |-- fabric-command-api-v2 2.2.14+1802ada577
	   |-- fabric-commands-v0 0.2.52+df3654b377
	   |-- fabric-containers-v0 0.1.67+df3654b377
	   |-- fabric-content-registries-v0 4.0.13+1802ada577
	   |-- fabric-convention-tags-v1 1.5.6+1802ada577
	   |-- fabric-crash-report-info-v1 0.2.20+1802ada577
	   |-- fabric-data-attachment-api-v1 1.0.2+de0fd6d177
	   |-- fabric-data-generation-api-v1 12.3.7+1802ada577
	   |-- fabric-dimensions-v1 2.1.55+1802ada577
	   |-- fabric-entity-events-v1 1.6.1+1c78457f77
	   |-- fabric-events-interaction-v0 0.6.5+13a40c6677
	   |-- fabric-events-lifecycle-v0 0.2.64+df3654b377
	   |-- fabric-game-rule-api-v1 1.0.41+1802ada577
	   |-- fabric-item-api-v1 2.1.29+1802ada577
	   |-- fabric-item-group-api-v1 4.0.14+1802ada577
	   |-- fabric-key-binding-api-v1 1.0.38+1802ada577
	   |-- fabric-keybindings-v0 0.2.36+df3654b377
	   |-- fabric-lifecycle-events-v1 2.2.23+1802ada577
	   |-- fabric-loot-api-v2 1.2.3+1802ada577
	   |-- fabric-loot-tables-v1 1.1.47+9e7660c677
	   |-- fabric-message-api-v1 5.1.10+1802ada577
	   |-- fabric-mining-level-api-v1 2.1.52+1802ada577
	   |-- fabric-model-loading-api-v1 1.0.4+1802ada577
	   |-- fabric-models-v0 0.4.3+9386d8a777
	   |-- fabric-networking-api-v1 1.3.14+a158aa0477
	   |-- fabric-networking-v0 0.3.54+df3654b377
	   |-- fabric-object-builder-api-v1 11.1.5+e35120df77
	   |-- fabric-particles-v1 1.1.3+1802ada577
	   |-- fabric-recipe-api-v1 1.0.24+1802ada577
	   |-- fabric-registry-sync-v0 2.3.6+1802ada577
	   |-- fabric-renderer-api-v1 3.2.2+1802ada577
	   |-- fabric-renderer-indigo 1.5.3+85287f9f77
	   |-- fabric-renderer-registries-v1 3.2.47+df3654b377
	   |-- fabric-rendering-data-attachment-v1 0.3.39+92a0d36777
	   |-- fabric-rendering-fluids-v1 3.0.29+1802ada577
	   |-- fabric-rendering-v0 1.1.50+df3654b377
	   |-- fabric-rendering-v1 3.0.9+1802ada577
	   |-- fabric-resource-conditions-api-v1 2.3.9+1802ada577
	   |-- fabric-resource-loader-v0 0.11.12+fb82e9d777
	   |-- fabric-screen-api-v1 2.0.9+1802ada577
	   |-- fabric-screen-handler-api-v1 1.3.33+1802ada577
	   |-- fabric-sound-api-v1 1.0.14+1802ada577
	   |-- fabric-transfer-api-v1 3.3.6+8dd72ea377
	   \-- fabric-transitive-access-wideners-v1 4.3.2+1802ada577
	- fabricloader 0.16.10
	   \-- mixinextras 0.4.1
	- java 21
	- minecraft 1.20.1
	- playit_fabric 1.3.2
	   |-- com_fasterxml_jackson_core_jackson-annotations 2.14.2
	   |-- com_fasterxml_jackson_core_jackson-core 2.14.2
	   \-- com_fasterxml_jackson_core_jackson-databind 2.14.2
	- tab 4.1.2
	- viabackwards 5.5.0
	- viafabric 0.4.18+104-main
	   |-- cotton-client-commands 1.1.0+1.15.2
	   \-- viafabric-mc1201 0.4.18+104-main
	- viarewind 4.0.10
	- viaversion 5.5.1
[15:38:01] [main/INFO]: SpongePowered MIXIN Subsystem Version=0.8.7 Source=file:/tmp/cirrus-ci-build/libraries/net/fabricmc/sponge-mixin/0.15.4+mixin.0.8.7/sponge-mixin-0.15.4+mixin.0.8.7.jar Service=Knot/Fabric Env=SERVER
[15:38:01] [main/INFO]: Compatibility level set to JAVA_16
[15:38:01] [main/INFO]: Compatibility level set to JAVA_17
[15:38:01] [main/INFO]: Initializing MixinExtras via com.llamalad7.mixinextras.service.MixinExtrasServiceImpl(version=0.4.1).
[15:38:06] [Via-Mappingloader-0/INFO]: Loading block connection mappings ...
[15:38:06] [Via-Mappingloader-0/INFO]: Using FastUtil Long2ObjectOpenHashMap for block connections
[15:38:06] [main/INFO]: Loading translations...
[15:38:06] [main/INFO]: Registering protocols...
[15:38:06] [main/INFO]: Registering protocols...
[15:38:06] [main/INFO]: ViaVersion detected server version: 1.20-1.20.1 (763)
[15:38:06] [ViaFabric-2/INFO]: Finished mapping loading, shutting down loader executor.
[15:38:07] [main/INFO]: Environment: authHost='https://authserver.mojang.com', accountsHost='https://api.mojang.com', sessionHost='https://sessionserver.mojang.com', servicesHost='https://api.minecraftservices.com', name='PROD'
[15:38:07] [main/INFO]: registered playit command
[15:38:08] [main/INFO]: Loaded 7 recipes
[15:38:08] [main/INFO]: Loaded 1271 advancements
[15:38:08] [main/INFO]: Applied 0 biome modifications to 0 of 64 new biomes in 1.152 ms
[15:38:08] [Server thread/INFO]: Enabled in 105ms
[15:38:08] [Server thread/INFO]: Starting minecraft server version 1.20.1
[15:38:08] [Server thread/INFO]: Loading properties
[15:38:08] [Server thread/INFO]: Default game type: SURVIVAL
[15:38:08] [Server thread/INFO]: Generating keypair
[15:38:08] [Server thread/INFO]: Starting Minecraft server on *:25565
[15:38:08] [Server thread/INFO]: Using epoll channel type
[15:38:08] [Server thread/INFO]: Preparing level "world"
[15:38:09] [Server thread/INFO]: Preparing start region for dimension minecraft:overworld
[15:38:10] [Worker-Main-7/INFO]: Preparing spawn area: 0%
[15:38:10] [Worker-Main-7/INFO]: Preparing spawn area: 0%
[15:38:10] [Worker-Main-5/INFO]: Preparing spawn area: 0%
[15:38:11] [Worker-Main-4/INFO]: Preparing spawn area: 1%
[15:38:11] [Worker-Main-6/INFO]: Preparing spawn area: 40%
[15:38:12] [Worker-Main-2/INFO]: Preparing spawn area: 68%
[15:38:12] [Worker-Main-5/INFO]: Preparing spawn area: 68%
[15:38:13] [Worker-Main-4/INFO]: Preparing spawn area: 74%
[15:38:13] [Worker-Main-5/INFO]: Preparing spawn area: 82%
[15:38:14] [Worker-Main-2/INFO]: Preparing spawn area: 83%
[15:38:14] [Worker-Main-1/INFO]: Preparing spawn area: 88%
[15:38:15] [Worker-Main-4/INFO]: Preparing spawn area: 93%
[15:38:15] [Worker-Main-3/INFO]: Preparing spawn area: 98%
[15:38:16] [Server thread/INFO]: Time elapsed: 6198 ms
[15:38:16] [Server thread/INFO]: Done (7.188s)! For help, type "help"
[15:38:16] [Thread-7/INFO]: secret key found, checking
[15:38:16] [Thread-7/INFO]: check secret
[15:38:16] [Thread-7/INFO]: found minecraft java tunnel: password-version.gl.joinmc.link
[15:38:16] [Thread-7/INFO]: keys and tunnel setup
Nov 08, 2025 3:38:17 PM gg.playit.control.ChannelSetup$SetupRequireAuthentication authenticate
INFO: request queued, waiting 1 second before resend
Nov 08, 2025 3:42:19 PM gg.playit.control.PlayitControlChannel update
INFO: send keep alive
Nov 08, 2025 3:42:32 PM gg.playit.control.PlayitControlChannel update
INFO: send keep alive
Nov 08, 2025 3:46:21 PM gg.playit.control.PlayitControlChannel update
INFO: send keep alive
Nov 08, 2025 3:46:33 PM gg.playit.control.PlayitControlChannel update
INFO: send keep alive
Nov 08, 2025 3:50:22 PM gg.playit.control.PlayitControlChannel update
INFO: send keep alive
Nov 08, 2025 3:50:35 PM gg.playit.control.PlayitControlChannel update
INFO: send keep alive
Nov 08, 2025 3:54:24 PM gg.playit.control.PlayitControlChannel update
INFO: send keep alive
Nov 08, 2025 3:54:36 PM gg.playit.control.PlayitControlChannel update
INFO: send keep alive
Nov 08, 2025 3:58:26 PM gg.playit.control.PlayitControlChannel update
INFO: send keep alive
Nov 08, 2025 3:58:38 PM gg.playit.control.PlayitControlChannel update
INFO: send keep alive
Nov 08, 2025 4:02:27 PM gg.playit.control.PlayitControlChannel update
INFO: send keep alive
Nov 08, 2025 4:02:39 PM gg.playit.control.PlayitControlChannel update
INFO: send keep alive
Nov 08, 2025 4:06:29 PM gg.playit.control.PlayitControlChannel update
INFO: send keep alive
Nov 08, 2025 4:06:41 PM gg.playit.control.PlayitControlChannel update
INFO: send keep alive
Nov 08, 2025 4:10:30 PM gg.playit.control.PlayitControlChannel update
INFO: send keep alive
Nov 08, 2025 4:10:42 PM gg.playit.control.PlayitControlChannel update
INFO: send keep alive
Nov 08, 2025 4:14:31 PM gg.playit.control.PlayitControlChannel update
INFO: send keep alive
Nov 08, 2025 4:14:44 PM gg.playit.control.PlayitControlChannel update
INFO: send keep alive
Nov 08, 2025 4:18:33 PM gg.playit.control.PlayitControlChannel update
INFO: send keep alive
Nov 08, 2025 4:18:45 PM gg.playit.control.PlayitControlChannel update
INFO: send keep alive
Nov 08, 2025 4:22:35 PM gg.playit.control.PlayitControlChannel update
INFO: send keep alive
Nov 08, 2025 4:22:47 PM gg.playit.control.PlayitControlChannel update
INFO: send keep alive
Nov 08, 2025 4:26:36 PM gg.playit.control.PlayitControlChannel update
INFO: send keep alive
Nov 08, 2025 4:26:48 PM gg.playit.control.PlayitControlChannel update
INFO: send keep alive
Nov 08, 2025 4:30:38 PM gg.playit.control.PlayitControlChannel update
INFO: send keep alive
Nov 08, 2025 4:30:50 PM gg.playit.control.PlayitControlChannel update
INFO: send keep alive
Nov 08, 2025 4:34:39 PM gg.playit.control.PlayitControlChannel update
INFO: send keep alive
Nov 08, 2025 4:34:52 PM gg.playit.control.PlayitControlChannel update
INFO: send keep alive
Nov 08, 2025 4:38:41 PM gg.playit.control.PlayitControlChannel update
INFO: send keep alive
Nov 08, 2025 4:38:53 PM gg.playit.control.PlayitControlChannel update
INFO: send keep alive
Nov 08, 2025 4:42:42 PM gg.playit.control.PlayitControlChannel update
INFO: send keep alive
Nov 08, 2025 4:42:55 PM gg.playit.control.PlayitControlChannel update
INFO: send keep alive
Nov 08, 2025 4:46:44 PM gg.playit.control.PlayitControlChannel update
INFO: send keep alive
Nov 08, 2025 4:46:56 PM gg.playit.control.PlayitControlChannel update
INFO: send keep alive
Nov 08, 2025 4:50:46 PM gg.playit.control.PlayitControlChannel update
INFO: send keep alive
Nov 08, 2025 4:50:58 PM gg.playit.control.PlayitControlChannel update
INFO: send keep alive
Nov 08, 2025 4:54:47 PM gg.playit.control.PlayitControlChannel update
INFO: send keep alive
Nov 08, 2025 4:54:59 PM gg.playit.control.PlayitControlChannel update
INFO: send keep alive
Nov 08, 2025 4:58:49 PM gg.playit.control.PlayitControlChannel update
INFO: send keep alive
Nov 08, 2025 4:59:01 PM gg.playit.control.PlayitControlChannel update
INFO: send keep alive
Nov 08, 2025 5:02:50 PM gg.playit.control.PlayitControlChannel update
INFO: send keep alive
Nov 08, 2025 5:03:02 PM gg.playit.control.PlayitControlChannel update
INFO: send keep alive
Nov 08, 2025 5:06:52 PM gg.playit.control.PlayitControlChannel update
INFO: send keep alive
Nov 08, 2025 5:07:04 PM gg.playit.control.PlayitControlChannel update
INFO: send keep alive
Nov 08, 2025 5:10:53 PM gg.playit.control.PlayitControlChannel update
INFO: send keep alive
Nov 08, 2025 5:11:06 PM gg.playit.control.PlayitControlChannel update
INFO: send keep alive
