[08:34:41] [main/INFO]: Loading Minecraft 1.20.1 with Fabric Loader 0.16.10
[08:34:41] [main/WARN]: Warnings were found!
 - Mod 'TAB' (tab) 4.1.2 recommends any version of fabric-permissions-api-v0, which is missing!
	 - You should install any version of fabric-permissions-api-v0 for the optimal experience.
[08:34:41] [main/INFO]: Loading 51 mods:
	- craftcontrolrcon 1.20-1.0.1
	- fabric-api 0.92.6+1.20.1
	   |-- fabric-api-base 0.4.32+1802ada577
	   |-- fabric-api-lookup-api-v1 1.6.37+1802ada577
	   |-- fabric-biome-api-v1 13.0.14+1802ada577
	   |-- fabric-block-api-v1 1.0.12+1802ada577
	   |-- fabric-block-view-api-v2 1.0.3+924f046a77
	   |-- fabric-blockrenderlayer-v1 1.1.42+1802ada577
	   |-- fabric-client-tags-api-v1 1.1.3+1802ada577
	   |-- fabric-command-api-v1 1.2.35+f71b366f77
	   |-- fabric-command-api-v2 2.2.14+1802ada577
	   |-- fabric-commands-v0 0.2.52+df3654b377
	   |-- fabric-containers-v0 0.1.67+df3654b377
	   |-- fabric-content-registries-v0 4.0.13+1802ada577
	   |-- fabric-convention-tags-v1 1.5.6+1802ada577
	   |-- fabric-crash-report-info-v1 0.2.20+1802ada577
	   |-- fabric-data-attachment-api-v1 1.0.2+de0fd6d177
	   |-- fabric-data-generation-api-v1 12.3.7+1802ada577
	   |-- fabric-dimensions-v1 2.1.55+1802ada577
	   |-- fabric-entity-events-v1 1.6.1+1c78457f77
	   |-- fabric-events-interaction-v0 0.6.5+13a40c6677
	   |-- fabric-events-lifecycle-v0 0.2.64+df3654b377
	   |-- fabric-game-rule-api-v1 1.0.41+1802ada577
	   |-- fabric-item-api-v1 2.1.29+1802ada577
	   |-- fabric-item-group-api-v1 4.0.14+1802ada577
	   |-- fabric-key-binding-api-v1 1.0.38+1802ada577
	   |-- fabric-keybindings-v0 0.2.36+df3654b377
	   |-- fabric-lifecycle-events-v1 2.2.23+1802ada577
	   |-- fabric-loot-api-v2 1.2.3+1802ada577
	   |-- fabric-loot-tables-v1 1.1.47+9e7660c677
	   |-- fabric-message-api-v1 5.1.10+1802ada577
	   |-- fabric-mining-level-api-v1 2.1.52+1802ada577
	   |-- fabric-model-loading-api-v1 1.0.4+1802ada577
	   |-- fabric-models-v0 0.4.3+9386d8a777
	   |-- fabric-networking-api-v1 1.3.14+a158aa0477
	   |-- fabric-networking-v0 0.3.54+df3654b377
	   |-- fabric-object-builder-api-v1 11.1.5+e35120df77
	   |-- fabric-particles-v1 1.1.3+1802ada577
	   |-- fabric-recipe-api-v1 1.0.24+1802ada577
	   |-- fabric-registry-sync-v0 2.3.6+1802ada577
	   |-- fabric-renderer-api-v1 3.2.2+1802ada577
	   |-- fabric-renderer-indigo 1.5.3+85287f9f77
	   |-- fabric-renderer-registries-v1 3.2.47+df3654b377
	   |-- fabric-rendering-data-attachment-v1 0.3.39+92a0d36777
	   |-- fabric-rendering-fluids-v1 3.0.29+1802ada577
	   |-- fabric-rendering-v0 1.1.50+df3654b377
	   |-- fabric-rendering-v1 3.0.9+1802ada577
	   |-- fabric-resource-conditions-api-v1 2.3.9+1802ada577
	   |-- fabric-resource-loader-v0 0.11.12+fb82e9d777
	   |-- fabric-screen-api-v1 2.0.9+1802ada577
	   |-- fabric-screen-handler-api-v1 1.3.33+1802ada577
	   |-- fabric-sound-api-v1 1.0.14+1802ada577
	   |-- fabric-transfer-api-v1 3.3.6+8dd72ea377
	   \-- fabric-transitive-access-wideners-v1 4.3.2+1802ada577
	- fabricloader 0.16.10
	   \-- mixinextras 0.4.1
	- java 21
	- minecraft 1.20.1
	- tab 4.1.2
	- viabackwards 5.5.0
	- viafabric 0.4.18+104-main
	   |-- cotton-client-commands 1.1.0+1.15.2
	   \-- viafabric-mc1201 0.4.18+104-main
	- viarewind 4.0.10
	- viaversion 5.5.1
[08:34:41] [main/INFO]: SpongePowered MIXIN Subsystem Version=0.8.7 Source=file:/home/runner/work/CirrusCI-Server/CirrusCI-Server/libraries/net/fabricmc/sponge-mixin/0.15.4+mixin.0.8.7/sponge-mixin-0.15.4+mixin.0.8.7.jar Service=Knot/Fabric Env=SERVER
[08:34:41] [main/INFO]: Compatibility level set to JAVA_17
[08:34:42] [main/INFO]: Initializing MixinExtras via com.llamalad7.mixinextras.service.MixinExtrasServiceImpl(version=0.4.1).
[08:34:48] [Via-Mappingloader-0/INFO]: Loading block connection mappings ...
[08:34:49] [Via-Mappingloader-0/INFO]: Using FastUtil Long2ObjectOpenHashMap for block connections
[08:34:49] [main/INFO]: Loading translations...
[08:34:49] [main/INFO]: Registering protocols...
[08:34:49] [main/INFO]: Registering protocols...
[08:34:49] [main/INFO]: ViaVersion detected server version: 1.20-1.20.1 (763)
[08:34:49] [ViaFabric-2/INFO]: Finished mapping loading, shutting down loader executor.
[08:34:49] [main/INFO]: Environment: authHost='https://authserver.mojang.com', accountsHost='https://api.mojang.com', sessionHost='https://sessionserver.mojang.com', servicesHost='https://api.minecraftservices.com', name='PROD'
[08:34:51] [main/INFO]: Loaded 7 recipes
[08:34:51] [main/INFO]: Loaded 1271 advancements
[08:34:52] [main/INFO]: Applied 0 biome modifications to 0 of 64 new biomes in 1.476 ms
[08:34:52] [Server thread/INFO]: Enabled in 115ms
[08:34:52] [Server thread/INFO]: Starting minecraft server version 1.20.1
[08:34:52] [Server thread/INFO]: Loading properties
[08:34:52] [Server thread/INFO]: Default game type: SURVIVAL
[08:34:52] [Server thread/INFO]: Generating keypair
[08:34:52] [Server thread/INFO]: Starting Minecraft server on *:25565
[08:34:52] [Server thread/INFO]: Using epoll channel type
[08:34:52] [Server thread/WARN]: **** SERVER IS RUNNING IN OFFLINE/INSECURE MODE!
[08:34:52] [Server thread/WARN]: The server will make no attempt to authenticate usernames. Beware.
[08:34:52] [Server thread/WARN]: While this makes the game possible to play without internet access, it also opens up the ability for hackers to connect with any username they choose.
[08:34:52] [Server thread/WARN]: To change this, set "online-mode" to "true" in the server.properties file.
[08:34:52] [Server thread/INFO]: Preparing level "world"
[08:34:56] [Server thread/INFO]: Preparing start region for dimension minecraft:overworld
[08:34:59] [Worker-Main-1/INFO]: Preparing spawn area: 0%
[08:34:59] [Worker-Main-3/INFO]: Preparing spawn area: 0%
[08:34:59] [Worker-Main-1/INFO]: Preparing spawn area: 0%
[08:34:59] [Worker-Main-3/INFO]: Preparing spawn area: 0%
[08:34:59] [Worker-Main-3/INFO]: Preparing spawn area: 0%
[08:34:59] [Worker-Main-2/INFO]: Preparing spawn area: 0%
[08:34:59] [Worker-Main-3/INFO]: Preparing spawn area: 0%
[08:34:59] [Worker-Main-2/INFO]: Preparing spawn area: 38%
[08:35:00] [Server thread/INFO]: Time elapsed: 3862 ms
[08:35:00] [Server thread/INFO]: Done (7.887s)! For help, type "help"
[08:35:00] [Server thread/INFO]: Starting remote control listener
[08:35:00] [Server thread/INFO]: Thread RCON Listener started
[08:35:00] [Server thread/INFO]: RCON running on 0.0.0.0:25575
