2025-11-08T19:11:32.277491482Z main WARN Advanced terminal features are not available in this environment
[19:11:32 INFO]: Booting up Velocity 3.4.0-SNAPSHOT (git-e69213f9-b473)...
[19:11:32 INFO]: Loading localizations...
[19:11:32 INFO]: Connections will use epoll channels, libdeflate (Linux x86_64) compression, OpenSSL 3.x.x (Linux x86_64) ciphers
[19:11:32 WARN]: You are currently using a deprecated configuration version.
The "forwarding-secret"  parameter is a security hazard and was removed in config version 2.0.
We will migrate your secret to the "forwarding.secret" file.
[19:11:32 WARN]: The proxy is running in offline mode! This is a security risk and you will NOT receive any support!
[19:11:32 ERROR]: Server 'factions' for forced host 'factions.example.com' does not exist
[19:11:32 ERROR]: Server 'minigames' for forced host 'minigames.example.com' does not exist
[19:11:32 ERROR]: Your configuration is invalid. Velocity will not start up until the errors are resolved.
2025-11-08T19:11:37.208385159Z main WARN Advanced terminal features are not available in this environment
[19:11:37 INFO]: Booting up Velocity 3.4.0-SNAPSHOT (git-e69213f9-b473)...
[19:11:37 INFO]: Loading localizations...
[19:11:37 INFO]: Connections will use epoll channels, libdeflate (Linux x86_64) compression, OpenSSL 3.x.x (Linux x86_64) ciphers
[19:11:37 WARN]: The proxy is running in offline mode! This is a security risk and you will NOT receive any support!
[19:11:37 ERROR]: Server 'factions' for forced host 'factions.example.com' does not exist
[19:11:37 ERROR]: Server 'minigames' for forced host 'minigames.example.com' does not exist
[19:11:37 ERROR]: Your configuration is invalid. Velocity will not start up until the errors are resolved.
2025-11-08T19:11:47.173915174Z main WARN Advanced terminal features are not available in this environment
[19:11:47 INFO]: Booting up Velocity 3.4.0-SNAPSHOT (git-e69213f9-b473)...
[19:11:47 INFO]: Loading localizations...
[19:11:47 INFO]: Connections will use epoll channels, libdeflate (Linux x86_64) compression, OpenSSL 3.x.x (Linux x86_64) ciphers
[19:11:47 WARN]: The proxy is running in offline mode! This is a security risk and you will NOT receive any support!
[19:11:47 ERROR]: Server 'factions' for forced host 'factions.example.com' does not exist
[19:11:47 ERROR]: Server 'minigames' for forced host 'minigames.example.com' does not exist
[19:11:47 ERROR]: Your configuration is invalid. Velocity will not start up until the errors are resolved.
2025-11-08T19:11:57.172331426Z main WARN Advanced terminal features are not available in this environment
[19:11:57 INFO]: Booting up Velocity 3.4.0-SNAPSHOT (git-e69213f9-b473)...
[19:11:57 INFO]: Loading localizations...
[19:11:57 INFO]: Connections will use epoll channels, libdeflate (Linux x86_64) compression, OpenSSL 3.x.x (Linux x86_64) ciphers
[19:11:57 WARN]: The proxy is running in offline mode! This is a security risk and you will NOT receive any support!
[19:11:57 ERROR]: Server 'factions' for forced host 'factions.example.com' does not exist
[19:11:57 ERROR]: Server 'minigames' for forced host 'minigames.example.com' does not exist
[19:11:57 ERROR]: Your configuration is invalid. Velocity will not start up until the errors are resolved.
2025-11-08T19:12:07.163713428Z main WARN Advanced terminal features are not available in this environment
[19:12:07 INFO]: Booting up Velocity 3.4.0-SNAPSHOT (git-e69213f9-b473)...
[19:12:07 INFO]: Loading localizations...
[19:12:07 INFO]: Connections will use epoll channels, libdeflate (Linux x86_64) compression, OpenSSL 3.x.x (Linux x86_64) ciphers
[19:12:07 WARN]: The proxy is running in offline mode! This is a security risk and you will NOT receive any support!
[19:12:07 ERROR]: Server 'factions' for forced host 'factions.example.com' does not exist
[19:12:07 ERROR]: Server 'minigames' for forced host 'minigames.example.com' does not exist
[19:12:07 ERROR]: Your configuration is invalid. Velocity will not start up until the errors are resolved.
2025-11-08T19:12:17.169185440Z main WARN Advanced terminal features are not available in this environment
[19:12:17 INFO]: Booting up Velocity 3.4.0-SNAPSHOT (git-e69213f9-b473)...
[19:12:17 INFO]: Loading localizations...
[19:12:17 INFO]: Connections will use epoll channels, libdeflate (Linux x86_64) compression, OpenSSL 3.x.x (Linux x86_64) ciphers
[19:12:17 WARN]: The proxy is running in offline mode! This is a security risk and you will NOT receive any support!
[19:12:17 ERROR]: Server 'factions' for forced host 'factions.example.com' does not exist
[19:12:17 ERROR]: Server 'minigames' for forced host 'minigames.example.com' does not exist
[19:12:17 ERROR]: Your configuration is invalid. Velocity will not start up until the errors are resolved.
2025-11-08T19:12:27.193752179Z main WARN Advanced terminal features are not available in this environment
[19:12:27 INFO]: Booting up Velocity 3.4.0-SNAPSHOT (git-e69213f9-b473)...
[19:12:27 INFO]: Loading localizations...
[19:12:27 INFO]: Connections will use epoll channels, libdeflate (Linux x86_64) compression, OpenSSL 3.x.x (Linux x86_64) ciphers
[19:12:27 WARN]: The proxy is running in offline mode! This is a security risk and you will NOT receive any support!
[19:12:27 ERROR]: Server 'factions' for forced host 'factions.example.com' does not exist
[19:12:27 ERROR]: Server 'minigames' for forced host 'minigames.example.com' does not exist
[19:12:27 ERROR]: Your configuration is invalid. Velocity will not start up until the errors are resolved.
2025-11-08T19:12:37.179965122Z main WARN Advanced terminal features are not available in this environment
[19:12:37 INFO]: Booting up Velocity 3.4.0-SNAPSHOT (git-e69213f9-b473)...
[19:12:37 INFO]: Loading localizations...
[19:12:37 INFO]: Connections will use epoll channels, libdeflate (Linux x86_64) compression, OpenSSL 3.x.x (Linux x86_64) ciphers
[19:12:37 WARN]: The proxy is running in offline mode! This is a security risk and you will NOT receive any support!
[19:12:37 ERROR]: Server 'factions' for forced host 'factions.example.com' does not exist
[19:12:37 ERROR]: Server 'minigames' for forced host 'minigames.example.com' does not exist
[19:12:37 ERROR]: Your configuration is invalid. Velocity will not start up until the errors are resolved.
2025-11-08T19:12:47.178147974Z main WARN Advanced terminal features are not available in this environment
[19:12:47 INFO]: Booting up Velocity 3.4.0-SNAPSHOT (git-e69213f9-b473)...
[19:12:47 INFO]: Loading localizations...
[19:12:47 INFO]: Connections will use epoll channels, libdeflate (Linux x86_64) compression, OpenSSL 3.x.x (Linux x86_64) ciphers
[19:12:47 WARN]: The proxy is running in offline mode! This is a security risk and you will NOT receive any support!
[19:12:47 ERROR]: Server 'factions' for forced host 'factions.example.com' does not exist
[19:12:47 ERROR]: Server 'minigames' for forced host 'minigames.example.com' does not exist
[19:12:47 ERROR]: Your configuration is invalid. Velocity will not start up until the errors are resolved.
2025-11-08T19:12:57.192700394Z main WARN Advanced terminal features are not available in this environment
[19:12:57 INFO]: Booting up Velocity 3.4.0-SNAPSHOT (git-e69213f9-b473)...
[19:12:57 INFO]: Loading localizations...
[19:12:57 INFO]: Connections will use epoll channels, libdeflate (Linux x86_64) compression, OpenSSL 3.x.x (Linux x86_64) ciphers
[19:12:57 WARN]: The proxy is running in offline mode! This is a security risk and you will NOT receive any support!
[19:12:57 ERROR]: Server 'factions' for forced host 'factions.example.com' does not exist
[19:12:57 ERROR]: Server 'minigames' for forced host 'minigames.example.com' does not exist
[19:12:57 ERROR]: Your configuration is invalid. Velocity will not start up until the errors are resolved.
2025-11-08T19:13:07.181890117Z main WARN Advanced terminal features are not available in this environment
[19:13:07 INFO]: Booting up Velocity 3.4.0-SNAPSHOT (git-e69213f9-b473)...
[19:13:07 INFO]: Loading localizations...
[19:13:07 INFO]: Connections will use epoll channels, libdeflate (Linux x86_64) compression, OpenSSL 3.x.x (Linux x86_64) ciphers
[19:13:07 WARN]: The proxy is running in offline mode! This is a security risk and you will NOT receive any support!
[19:13:07 ERROR]: Server 'factions' for forced host 'factions.example.com' does not exist
[19:13:07 ERROR]: Server 'minigames' for forced host 'minigames.example.com' does not exist
[19:13:07 ERROR]: Your configuration is invalid. Velocity will not start up until the errors are resolved.
2025-11-08T19:13:17.196217427Z main WARN Advanced terminal features are not available in this environment
[19:13:17 INFO]: Booting up Velocity 3.4.0-SNAPSHOT (git-e69213f9-b473)...
[19:13:17 INFO]: Loading localizations...
[19:13:17 INFO]: Connections will use epoll channels, libdeflate (Linux x86_64) compression, OpenSSL 3.x.x (Linux x86_64) ciphers
[19:13:17 WARN]: The proxy is running in offline mode! This is a security risk and you will NOT receive any support!
[19:13:17 ERROR]: Server 'factions' for forced host 'factions.example.com' does not exist
[19:13:17 ERROR]: Server 'minigames' for forced host 'minigames.example.com' does not exist
[19:13:17 ERROR]: Your configuration is invalid. Velocity will not start up until the errors are resolved.
2025-11-08T19:13:27.205075858Z main WARN Advanced terminal features are not available in this environment
[19:13:27 INFO]: Booting up Velocity 3.4.0-SNAPSHOT (git-e69213f9-b473)...
[19:13:27 INFO]: Loading localizations...
[19:13:27 INFO]: Connections will use epoll channels, libdeflate (Linux x86_64) compression, OpenSSL 3.x.x (Linux x86_64) ciphers
[19:13:27 WARN]: The proxy is running in offline mode! This is a security risk and you will NOT receive any support!
[19:13:27 ERROR]: Server 'factions' for forced host 'factions.example.com' does not exist
[19:13:27 ERROR]: Server 'minigames' for forced host 'minigames.example.com' does not exist
[19:13:27 ERROR]: Your configuration is invalid. Velocity will not start up until the errors are resolved.
2025-11-08T19:13:37.197819651Z main WARN Advanced terminal features are not available in this environment
[19:13:37 INFO]: Booting up Velocity 3.4.0-SNAPSHOT (git-e69213f9-b473)...
[19:13:37 INFO]: Loading localizations...
[19:13:37 INFO]: Connections will use epoll channels, libdeflate (Linux x86_64) compression, OpenSSL 3.x.x (Linux x86_64) ciphers
[19:13:37 WARN]: The proxy is running in offline mode! This is a security risk and you will NOT receive any support!
[19:13:37 ERROR]: Server 'factions' for forced host 'factions.example.com' does not exist
[19:13:37 ERROR]: Server 'minigames' for forced host 'minigames.example.com' does not exist
[19:13:37 ERROR]: Your configuration is invalid. Velocity will not start up until the errors are resolved.
2025-11-08T19:13:47.192855823Z main WARN Advanced terminal features are not available in this environment
[19:13:47 INFO]: Booting up Velocity 3.4.0-SNAPSHOT (git-e69213f9-b473)...
[19:13:47 INFO]: Loading localizations...
[19:13:47 INFO]: Connections will use epoll channels, libdeflate (Linux x86_64) compression, OpenSSL 3.x.x (Linux x86_64) ciphers
[19:13:47 WARN]: The proxy is running in offline mode! This is a security risk and you will NOT receive any support!
[19:13:47 ERROR]: Server 'factions' for forced host 'factions.example.com' does not exist
[19:13:47 ERROR]: Server 'minigames' for forced host 'minigames.example.com' does not exist
[19:13:47 ERROR]: Your configuration is invalid. Velocity will not start up until the errors are resolved.
2025-11-08T19:13:57.187380435Z main WARN Advanced terminal features are not available in this environment
[19:13:57 INFO]: Booting up Velocity 3.4.0-SNAPSHOT (git-e69213f9-b473)...
[19:13:57 INFO]: Loading localizations...
[19:13:57 INFO]: Connections will use epoll channels, libdeflate (Linux x86_64) compression, OpenSSL 3.x.x (Linux x86_64) ciphers
[19:13:57 WARN]: The proxy is running in offline mode! This is a security risk and you will NOT receive any support!
[19:13:57 ERROR]: Server 'factions' for forced host 'factions.example.com' does not exist
[19:13:57 ERROR]: Server 'minigames' for forced host 'minigames.example.com' does not exist
[19:13:57 ERROR]: Your configuration is invalid. Velocity will not start up until the errors are resolved.
2025-11-08T19:14:07.203928465Z main WARN Advanced terminal features are not available in this environment
[19:14:07 INFO]: Booting up Velocity 3.4.0-SNAPSHOT (git-e69213f9-b473)...
[19:14:07 INFO]: Loading localizations...
[19:14:07 INFO]: Connections will use epoll channels, libdeflate (Linux x86_64) compression, OpenSSL 3.x.x (Linux x86_64) ciphers
[19:14:07 WARN]: The proxy is running in offline mode! This is a security risk and you will NOT receive any support!
[19:14:07 ERROR]: Server 'factions' for forced host 'factions.example.com' does not exist
[19:14:07 ERROR]: Server 'minigames' for forced host 'minigames.example.com' does not exist
[19:14:07 ERROR]: Your configuration is invalid. Velocity will not start up until the errors are resolved.
2025-11-08T19:14:17.209903416Z main WARN Advanced terminal features are not available in this environment
[19:14:17 INFO]: Booting up Velocity 3.4.0-SNAPSHOT (git-e69213f9-b473)...
[19:14:17 INFO]: Loading localizations...
[19:14:17 INFO]: Connections will use epoll channels, libdeflate (Linux x86_64) compression, OpenSSL 3.x.x (Linux x86_64) ciphers
[19:14:17 WARN]: The proxy is running in offline mode! This is a security risk and you will NOT receive any support!
[19:14:17 ERROR]: Server 'factions' for forced host 'factions.example.com' does not exist
[19:14:17 ERROR]: Server 'minigames' for forced host 'minigames.example.com' does not exist
[19:14:17 ERROR]: Your configuration is invalid. Velocity will not start up until the errors are resolved.
2025-11-08T19:14:27.207395498Z main WARN Advanced terminal features are not available in this environment
[19:14:27 INFO]: Booting up Velocity 3.4.0-SNAPSHOT (git-e69213f9-b473)...
[19:14:27 INFO]: Loading localizations...
[19:14:27 INFO]: Connections will use epoll channels, libdeflate (Linux x86_64) compression, OpenSSL 3.x.x (Linux x86_64) ciphers
[19:14:27 WARN]: The proxy is running in offline mode! This is a security risk and you will NOT receive any support!
[19:14:27 ERROR]: Server 'factions' for forced host 'factions.example.com' does not exist
[19:14:27 ERROR]: Server 'minigames' for forced host 'minigames.example.com' does not exist
[19:14:27 ERROR]: Your configuration is invalid. Velocity will not start up until the errors are resolved.
2025-11-08T19:14:37.215446449Z main WARN Advanced terminal features are not available in this environment
[19:14:37 INFO]: Booting up Velocity 3.4.0-SNAPSHOT (git-e69213f9-b473)...
[19:14:37 INFO]: Loading localizations...
[19:14:37 INFO]: Connections will use epoll channels, libdeflate (Linux x86_64) compression, OpenSSL 3.x.x (Linux x86_64) ciphers
[19:14:37 WARN]: The proxy is running in offline mode! This is a security risk and you will NOT receive any support!
[19:14:37 ERROR]: Server 'factions' for forced host 'factions.example.com' does not exist
[19:14:37 ERROR]: Server 'minigames' for forced host 'minigames.example.com' does not exist
[19:14:37 ERROR]: Your configuration is invalid. Velocity will not start up until the errors are resolved.
2025-11-08T19:14:47.213897611Z main WARN Advanced terminal features are not available in this environment
[19:14:47 INFO]: Booting up Velocity 3.4.0-SNAPSHOT (git-e69213f9-b473)...
[19:14:47 INFO]: Loading localizations...
[19:14:47 INFO]: Connections will use epoll channels, libdeflate (Linux x86_64) compression, OpenSSL 3.x.x (Linux x86_64) ciphers
[19:14:47 WARN]: The proxy is running in offline mode! This is a security risk and you will NOT receive any support!
[19:14:47 ERROR]: Server 'factions' for forced host 'factions.example.com' does not exist
[19:14:47 ERROR]: Server 'minigames' for forced host 'minigames.example.com' does not exist
[19:14:47 ERROR]: Your configuration is invalid. Velocity will not start up until the errors are resolved.
2025-11-08T19:14:57.209641353Z main WARN Advanced terminal features are not available in this environment
[19:14:57 INFO]: Booting up Velocity 3.4.0-SNAPSHOT (git-e69213f9-b473)...
[19:14:57 INFO]: Loading localizations...
[19:14:57 INFO]: Connections will use epoll channels, libdeflate (Linux x86_64) compression, OpenSSL 3.x.x (Linux x86_64) ciphers
[19:14:57 WARN]: The proxy is running in offline mode! This is a security risk and you will NOT receive any support!
[19:14:57 ERROR]: Server 'factions' for forced host 'factions.example.com' does not exist
[19:14:57 ERROR]: Server 'minigames' for forced host 'minigames.example.com' does not exist
[19:14:57 ERROR]: Your configuration is invalid. Velocity will not start up until the errors are resolved.
2025-11-08T19:15:07.200935946Z main WARN Advanced terminal features are not available in this environment
[19:15:07 INFO]: Booting up Velocity 3.4.0-SNAPSHOT (git-e69213f9-b473)...
[19:15:07 INFO]: Loading localizations...
[19:15:07 INFO]: Connections will use epoll channels, libdeflate (Linux x86_64) compression, OpenSSL 3.x.x (Linux x86_64) ciphers
[19:15:07 WARN]: The proxy is running in offline mode! This is a security risk and you will NOT receive any support!
[19:15:07 ERROR]: Server 'factions' for forced host 'factions.example.com' does not exist
[19:15:07 ERROR]: Server 'minigames' for forced host 'minigames.example.com' does not exist
[19:15:07 ERROR]: Your configuration is invalid. Velocity will not start up until the errors are resolved.
2025-11-08T19:15:17.211944767Z main WARN Advanced terminal features are not available in this environment
[19:15:17 INFO]: Booting up Velocity 3.4.0-SNAPSHOT (git-e69213f9-b473)...
[19:15:17 INFO]: Loading localizations...
[19:15:17 INFO]: Connections will use epoll channels, libdeflate (Linux x86_64) compression, OpenSSL 3.x.x (Linux x86_64) ciphers
[19:15:17 WARN]: The proxy is running in offline mode! This is a security risk and you will NOT receive any support!
[19:15:17 ERROR]: Server 'factions' for forced host 'factions.example.com' does not exist
[19:15:17 ERROR]: Server 'minigames' for forced host 'minigames.example.com' does not exist
[19:15:17 ERROR]: Your configuration is invalid. Velocity will not start up until the errors are resolved.
2025-11-08T19:15:27.216055938Z main WARN Advanced terminal features are not available in this environment
[19:15:27 INFO]: Booting up Velocity 3.4.0-SNAPSHOT (git-e69213f9-b473)...
[19:15:27 INFO]: Loading localizations...
[19:15:27 INFO]: Connections will use epoll channels, libdeflate (Linux x86_64) compression, OpenSSL 3.x.x (Linux x86_64) ciphers
[19:15:27 WARN]: The proxy is running in offline mode! This is a security risk and you will NOT receive any support!
[19:15:27 ERROR]: Server 'factions' for forced host 'factions.example.com' does not exist
[19:15:27 ERROR]: Server 'minigames' for forced host 'minigames.example.com' does not exist
[19:15:27 ERROR]: Your configuration is invalid. Velocity will not start up until the errors are resolved.
2025-11-08T19:15:37.216527099Z main WARN Advanced terminal features are not available in this environment
[19:15:37 INFO]: Booting up Velocity 3.4.0-SNAPSHOT (git-e69213f9-b473)...
[19:15:37 INFO]: Loading localizations...
[19:15:37 INFO]: Connections will use epoll channels, libdeflate (Linux x86_64) compression, OpenSSL 3.x.x (Linux x86_64) ciphers
[19:15:37 WARN]: The proxy is running in offline mode! This is a security risk and you will NOT receive any support!
[19:15:37 ERROR]: Server 'factions' for forced host 'factions.example.com' does not exist
[19:15:37 ERROR]: Server 'minigames' for forced host 'minigames.example.com' does not exist
[19:15:37 ERROR]: Your configuration is invalid. Velocity will not start up until the errors are resolved.
2025-11-08T19:15:47.223930740Z main WARN Advanced terminal features are not available in this environment
[19:15:47 INFO]: Booting up Velocity 3.4.0-SNAPSHOT (git-e69213f9-b473)...
[19:15:47 INFO]: Loading localizations...
[19:15:47 INFO]: Connections will use epoll channels, libdeflate (Linux x86_64) compression, OpenSSL 3.x.x (Linux x86_64) ciphers
[19:15:47 WARN]: The proxy is running in offline mode! This is a security risk and you will NOT receive any support!
[19:15:47 ERROR]: Server 'factions' for forced host 'factions.example.com' does not exist
[19:15:47 ERROR]: Server 'minigames' for forced host 'minigames.example.com' does not exist
[19:15:47 ERROR]: Your configuration is invalid. Velocity will not start up until the errors are resolved.
2025-11-08T19:15:57.227825622Z main WARN Advanced terminal features are not available in this environment
[19:15:57 INFO]: Booting up Velocity 3.4.0-SNAPSHOT (git-e69213f9-b473)...
[19:15:57 INFO]: Loading localizations...
[19:15:57 INFO]: Connections will use epoll channels, libdeflate (Linux x86_64) compression, OpenSSL 3.x.x (Linux x86_64) ciphers
[19:15:57 WARN]: The proxy is running in offline mode! This is a security risk and you will NOT receive any support!
[19:15:57 ERROR]: Server 'factions' for forced host 'factions.example.com' does not exist
[19:15:57 ERROR]: Server 'minigames' for forced host 'minigames.example.com' does not exist
[19:15:57 ERROR]: Your configuration is invalid. Velocity will not start up until the errors are resolved.
2025-11-08T19:16:07.228835534Z main WARN Advanced terminal features are not available in this environment
[19:16:07 INFO]: Booting up Velocity 3.4.0-SNAPSHOT (git-e69213f9-b473)...
[19:16:07 INFO]: Loading localizations...
[19:16:07 INFO]: Connections will use epoll channels, libdeflate (Linux x86_64) compression, OpenSSL 3.x.x (Linux x86_64) ciphers
[19:16:07 WARN]: The proxy is running in offline mode! This is a security risk and you will NOT receive any support!
[19:16:07 ERROR]: Server 'factions' for forced host 'factions.example.com' does not exist
[19:16:07 ERROR]: Server 'minigames' for forced host 'minigames.example.com' does not exist
[19:16:07 ERROR]: Your configuration is invalid. Velocity will not start up until the errors are resolved.
2025-11-08T19:16:17.224133205Z main WARN Advanced terminal features are not available in this environment
[19:16:17 INFO]: Booting up Velocity 3.4.0-SNAPSHOT (git-e69213f9-b473)...
[19:16:17 INFO]: Loading localizations...
[19:16:17 INFO]: Connections will use epoll channels, libdeflate (Linux x86_64) compression, OpenSSL 3.x.x (Linux x86_64) ciphers
[19:16:17 WARN]: The proxy is running in offline mode! This is a security risk and you will NOT receive any support!
[19:16:17 ERROR]: Server 'factions' for forced host 'factions.example.com' does not exist
[19:16:17 ERROR]: Server 'minigames' for forced host 'minigames.example.com' does not exist
[19:16:17 ERROR]: Your configuration is invalid. Velocity will not start up until the errors are resolved.
2025-11-08T19:16:27.228542207Z main WARN Advanced terminal features are not available in this environment
[19:16:27 INFO]: Booting up Velocity 3.4.0-SNAPSHOT (git-e69213f9-b473)...
[19:16:27 INFO]: Loading localizations...
[19:16:27 INFO]: Connections will use epoll channels, libdeflate (Linux x86_64) compression, OpenSSL 3.x.x (Linux x86_64) ciphers
[19:16:27 WARN]: The proxy is running in offline mode! This is a security risk and you will NOT receive any support!
[19:16:27 ERROR]: Server 'factions' for forced host 'factions.example.com' does not exist
[19:16:27 ERROR]: Server 'minigames' for forced host 'minigames.example.com' does not exist
[19:16:27 ERROR]: Your configuration is invalid. Velocity will not start up until the errors are resolved.
2025-11-08T19:16:37.236778547Z main WARN Advanced terminal features are not available in this environment
[19:16:37 INFO]: Booting up Velocity 3.4.0-SNAPSHOT (git-e69213f9-b473)...
[19:16:37 INFO]: Loading localizations...
[19:16:37 INFO]: Connections will use epoll channels, libdeflate (Linux x86_64) compression, OpenSSL 3.x.x (Linux x86_64) ciphers
[19:16:37 WARN]: The proxy is running in offline mode! This is a security risk and you will NOT receive any support!
[19:16:37 ERROR]: Server 'factions' for forced host 'factions.example.com' does not exist
[19:16:37 ERROR]: Server 'minigames' for forced host 'minigames.example.com' does not exist
[19:16:37 ERROR]: Your configuration is invalid. Velocity will not start up until the errors are resolved.
2025-11-08T19:16:47.224502825Z main WARN Advanced terminal features are not available in this environment
[19:16:47 INFO]: Booting up Velocity 3.4.0-SNAPSHOT (git-e69213f9-b473)...
[19:16:47 INFO]: Loading localizations...
[19:16:47 INFO]: Connections will use epoll channels, libdeflate (Linux x86_64) compression, OpenSSL 3.x.x (Linux x86_64) ciphers
[19:16:47 WARN]: The proxy is running in offline mode! This is a security risk and you will NOT receive any support!
[19:16:47 ERROR]: Server 'factions' for forced host 'factions.example.com' does not exist
[19:16:47 ERROR]: Server 'minigames' for forced host 'minigames.example.com' does not exist
[19:16:47 ERROR]: Your configuration is invalid. Velocity will not start up until the errors are resolved.
2025-11-08T19:16:57.226891506Z main WARN Advanced terminal features are not available in this environment
[19:16:57 INFO]: Booting up Velocity 3.4.0-SNAPSHOT (git-e69213f9-b473)...
[19:16:57 INFO]: Loading localizations...
[19:16:57 INFO]: Connections will use epoll channels, libdeflate (Linux x86_64) compression, OpenSSL 3.x.x (Linux x86_64) ciphers
[19:16:57 WARN]: The proxy is running in offline mode! This is a security risk and you will NOT receive any support!
[19:16:57 ERROR]: Server 'factions' for forced host 'factions.example.com' does not exist
[19:16:57 ERROR]: Server 'minigames' for forced host 'minigames.example.com' does not exist
[19:16:57 ERROR]: Your configuration is invalid. Velocity will not start up until the errors are resolved.
2025-11-08T19:17:07.233789487Z main WARN Advanced terminal features are not available in this environment
[19:17:07 INFO]: Booting up Velocity 3.4.0-SNAPSHOT (git-e69213f9-b473)...
[19:17:07 INFO]: Loading localizations...
[19:17:07 INFO]: Connections will use epoll channels, libdeflate (Linux x86_64) compression, OpenSSL 3.x.x (Linux x86_64) ciphers
[19:17:07 WARN]: The proxy is running in offline mode! This is a security risk and you will NOT receive any support!
[19:17:07 ERROR]: Server 'factions' for forced host 'factions.example.com' does not exist
[19:17:07 ERROR]: Server 'minigames' for forced host 'minigames.example.com' does not exist
[19:17:07 ERROR]: Your configuration is invalid. Velocity will not start up until the errors are resolved.
2025-11-08T19:17:17.248552348Z main WARN Advanced terminal features are not available in this environment
[19:17:17 INFO]: Booting up Velocity 3.4.0-SNAPSHOT (git-e69213f9-b473)...
[19:17:17 INFO]: Loading localizations...
[19:17:17 INFO]: Connections will use epoll channels, libdeflate (Linux x86_64) compression, OpenSSL 3.x.x (Linux x86_64) ciphers
[19:17:17 WARN]: The proxy is running in offline mode! This is a security risk and you will NOT receive any support!
[19:17:17 ERROR]: Server 'factions' for forced host 'factions.example.com' does not exist
[19:17:17 ERROR]: Server 'minigames' for forced host 'minigames.example.com' does not exist
[19:17:17 ERROR]: Your configuration is invalid. Velocity will not start up until the errors are resolved.
2025-11-08T19:17:27.253703449Z main WARN Advanced terminal features are not available in this environment
[19:17:27 INFO]: Booting up Velocity 3.4.0-SNAPSHOT (git-e69213f9-b473)...
[19:17:27 INFO]: Loading localizations...
[19:17:27 INFO]: Connections will use epoll channels, libdeflate (Linux x86_64) compression, OpenSSL 3.x.x (Linux x86_64) ciphers
[19:17:27 WARN]: The proxy is running in offline mode! This is a security risk and you will NOT receive any support!
[19:17:27 ERROR]: Server 'factions' for forced host 'factions.example.com' does not exist
[19:17:27 ERROR]: Server 'minigames' for forced host 'minigames.example.com' does not exist
[19:17:27 ERROR]: Your configuration is invalid. Velocity will not start up until the errors are resolved.
2025-11-08T19:17:37.261199490Z main WARN Advanced terminal features are not available in this environment
[19:17:37 INFO]: Booting up Velocity 3.4.0-SNAPSHOT (git-e69213f9-b473)...
[19:17:37 INFO]: Loading localizations...
[19:17:37 INFO]: Connections will use epoll channels, libdeflate (Linux x86_64) compression, OpenSSL 3.x.x (Linux x86_64) ciphers
[19:17:37 WARN]: The proxy is running in offline mode! This is a security risk and you will NOT receive any support!
[19:17:37 ERROR]: Server 'factions' for forced host 'factions.example.com' does not exist
[19:17:37 ERROR]: Server 'minigames' for forced host 'minigames.example.com' does not exist
[19:17:37 ERROR]: Your configuration is invalid. Velocity will not start up until the errors are resolved.
2025-11-08T19:17:47.236405894Z main WARN Advanced terminal features are not available in this environment
[19:17:47 INFO]: Booting up Velocity 3.4.0-SNAPSHOT (git-e69213f9-b473)...
[19:17:47 INFO]: Loading localizations...
[19:17:47 INFO]: Connections will use epoll channels, libdeflate (Linux x86_64) compression, OpenSSL 3.x.x (Linux x86_64) ciphers
[19:17:47 WARN]: The proxy is running in offline mode! This is a security risk and you will NOT receive any support!
[19:17:47 ERROR]: Server 'factions' for forced host 'factions.example.com' does not exist
[19:17:47 ERROR]: Server 'minigames' for forced host 'minigames.example.com' does not exist
[19:17:47 ERROR]: Your configuration is invalid. Velocity will not start up until the errors are resolved.
2025-11-08T19:17:57.244032995Z main WARN Advanced terminal features are not available in this environment
[19:17:57 INFO]: Booting up Velocity 3.4.0-SNAPSHOT (git-e69213f9-b473)...
[19:17:57 INFO]: Loading localizations...
[19:17:57 INFO]: Connections will use epoll channels, libdeflate (Linux x86_64) compression, OpenSSL 3.x.x (Linux x86_64) ciphers
[19:17:57 WARN]: The proxy is running in offline mode! This is a security risk and you will NOT receive any support!
[19:17:57 ERROR]: Server 'factions' for forced host 'factions.example.com' does not exist
[19:17:57 ERROR]: Server 'minigames' for forced host 'minigames.example.com' does not exist
[19:17:57 ERROR]: Your configuration is invalid. Velocity will not start up until the errors are resolved.
